[2020-08-21T21:54:58.256] [DEBUG] cheese - login => username:zs,password:123455
[2020-08-21T21:54:58.259] [DEBUG] cheese - zs
[2020-08-21T21:54:58.269] [DEBUG] cheese - null
[2020-08-21T21:54:58.270] [DEBUG] cheese - null
[2020-08-21T21:55:27.618] [DEBUG] cheese - login => username:admin,password:123456
[2020-08-21T21:55:27.618] [DEBUG] cheese - admin
[2020-08-21T21:55:27.631] [DEBUG] cheese - null
[2020-08-21T21:55:27.631] [DEBUG] cheese - null
[2020-08-21T22:24:57.678] [DEBUG] cheese - login => username:tester1,password:123123
[2020-08-21T22:24:57.678] [DEBUG] cheese - tester1
[2020-08-21T22:24:57.684] [DEBUG] cheese - null
[2020-08-21T22:24:57.684] [DEBUG] cheese - null
[2020-08-21T22:25:19.248] [DEBUG] cheese - login => username:tester1,password:123123
[2020-08-21T22:25:19.249] [DEBUG] cheese - tester1
[2020-08-21T22:25:19.253] [DEBUG] cheese - null
[2020-08-21T22:25:19.253] [DEBUG] cheese - null
[2020-08-21T22:25:24.231] [DEBUG] cheese - login => username:admin,password:123123
[2020-08-21T22:25:24.231] [DEBUG] cheese - admin
[2020-08-21T22:25:24.234] [DEBUG] cheese - null
[2020-08-21T22:25:24.234] [DEBUG] cheese - null
[2020-08-21T22:25:27.937] [DEBUG] cheese - login => username:admin,password:123456
[2020-08-21T22:25:27.937] [DEBUG] cheese - admin
[2020-08-21T22:25:27.941] [DEBUG] cheese - null
[2020-08-21T22:25:27.941] [DEBUG] cheese - null
[2020-08-21T22:31:14.409] [DEBUG] cheese - login => username:admin,password:123456
[2020-08-21T22:31:14.409] [DEBUG] cheese - admin
[2020-08-21T22:31:14.412] [DEBUG] cheese - null
[2020-08-21T22:31:14.412] [DEBUG] cheese - null
[2020-08-21T22:31:49.009] [DEBUG] cheese - login => username:admin,password:123456
[2020-08-21T22:31:49.009] [DEBUG] cheese - admin
[2020-08-21T22:31:49.013] [DEBUG] cheese - null
[2020-08-21T22:31:49.013] [DEBUG] cheese - null
[2020-08-21T23:00:49.974] [DEBUG] cheese - login => username:admin,password:123456
[2020-08-21T23:00:49.974] [DEBUG] cheese - admin
[2020-08-21T23:00:49.977] [DEBUG] cheese - null
[2020-08-21T23:00:49.977] [DEBUG] cheese - null
[2020-08-21T23:04:08.447] [DEBUG] cheese - login => username:admin,password:1234561
[2020-08-21T23:04:08.447] [DEBUG] cheese - admin
[2020-08-21T23:04:08.449] [DEBUG] cheese - null
[2020-08-21T23:04:08.449] [DEBUG] cheese - null
[2020-08-21T23:04:12.929] [DEBUG] cheese - login => username:admin,password:123456
[2020-08-21T23:04:12.929] [DEBUG] cheese - admin
[2020-08-21T23:04:12.933] [DEBUG] cheese - null
[2020-08-21T23:04:12.933] [DEBUG] cheese - null
[2020-08-21T23:04:40.592] [DEBUG] cheese - login => username:admin,password:1234562
[2020-08-21T23:04:40.592] [DEBUG] cheese - admin
[2020-08-21T23:04:40.595] [DEBUG] cheese - null
[2020-08-21T23:04:40.595] [DEBUG] cheese - null
[2020-08-21T23:10:22.084] [DEBUG] cheese - login => username:admin,password:1234562
[2020-08-21T23:10:22.084] [DEBUG] cheese - admin
[2020-08-21T23:10:22.087] [DEBUG] cheese - null
[2020-08-21T23:10:22.087] [DEBUG] cheese - null
[2020-08-21T23:10:25.096] [DEBUG] cheese - login => username:admin,password:123456
[2020-08-21T23:10:25.097] [DEBUG] cheese - admin
[2020-08-21T23:10:25.099] [DEBUG] cheese - null
[2020-08-21T23:10:25.099] [DEBUG] cheese - null
[2020-08-21T23:12:50.728] [DEBUG] cheese - login => username:admin,password:123456
[2020-08-21T23:12:50.728] [DEBUG] cheese - admin
[2020-08-21T23:12:50.731] [DEBUG] cheese - null
[2020-08-21T23:12:50.731] [DEBUG] cheese - null
[2020-08-21T23:13:16.699] [DEBUG] cheese - login => username:admin,password:123456
[2020-08-21T23:13:16.699] [DEBUG] cheese - admin
[2020-08-21T23:13:16.701] [DEBUG] cheese - null
[2020-08-21T23:13:16.701] [DEBUG] cheese - null
[2020-08-21T23:15:30.361] [DEBUG] cheese - login => username:admin,password:123456
[2020-08-21T23:15:30.361] [DEBUG] cheese - admin
[2020-08-21T23:15:30.364] [DEBUG] cheese - null
[2020-08-21T23:15:30.364] [DEBUG] cheese - null
[2020-08-21T23:15:39.210] [DEBUG] cheese - login => username:admin,password:123456
[2020-08-21T23:15:39.211] [DEBUG] cheese - admin
[2020-08-21T23:15:39.213] [DEBUG] cheese - null
[2020-08-21T23:15:39.213] [DEBUG] cheese - null
[2020-08-21T23:16:00.299] [DEBUG] cheese - login => username:admin,password:123456
[2020-08-21T23:16:00.299] [DEBUG] cheese - admin
[2020-08-21T23:16:00.303] [DEBUG] cheese - null
[2020-08-21T23:16:00.303] [DEBUG] cheese - null
